2017-04-06 15:56:41,287 [Worker-37] INFO  o.e.m.c.i.p.ProjectConfigurationManager - Collecting project info '/pom.xml' C:\selenium\Springer\Search\pom.xml
2017-04-06 15:56:44,563 [Worker-37] INFO  o.e.m.c.i.l.LifecycleMappingFactory - Using org.eclipse.m2e.jdt.JarLifecycleMapping lifecycle mapping for MavenProject: com.Springer:Search:0.0.1-SNAPSHOT @ C:\selenium\Springer\Search\pom.xml.
2017-04-06 15:56:46,033 [Worker-37] INFO  o.e.m.j.i.AbstractJavaProjectConfigurator - Adding source folder /Search/src/main/java
2017-04-06 15:56:46,043 [Worker-37] INFO  o.e.m.j.i.AbstractJavaProjectConfigurator - Adding source folder /Search/src/test/java
2017-04-06 15:56:46,289 [Worker-37] INFO  o.e.m.c.i.p.ProjectConfigurationManager - Imported and configured 1 project(s) in 4 sec
2017-04-06 15:56:47,265 [Worker-51] INFO  o.e.m.c.i.embedder.EclipseLogger - Using 'UTF-8' encoding to copy filtered resources.
2017-04-06 15:56:47,267 [Worker-51] INFO  o.e.m.c.i.embedder.EclipseLogger - skip non existing resourceDirectory C:\selenium\Springer\Search\src\main\resources
2017-04-06 15:56:47,271 [Worker-51] INFO  o.e.m.c.i.embedder.EclipseLogger - Using 'UTF-8' encoding to copy filtered resources.
2017-04-06 15:56:47,271 [Worker-51] INFO  o.e.m.c.i.embedder.EclipseLogger - skip non existing resourceDirectory C:\selenium\Springer\Search\src\test\resources
2017-04-06 15:57:33,469 [Worker-50] INFO  o.e.m.c.i.embedder.EclipseLogger - Using 'UTF-8' encoding to copy filtered resources.
2017-04-06 15:57:33,470 [Worker-50] INFO  o.e.m.c.i.embedder.EclipseLogger - skip non existing resourceDirectory C:\selenium\Springer\Search\src\main\resources
2017-04-06 15:57:33,472 [Worker-50] INFO  o.e.m.c.i.embedder.EclipseLogger - Using 'UTF-8' encoding to copy filtered resources.
2017-04-06 15:57:33,472 [Worker-50] INFO  o.e.m.c.i.embedder.EclipseLogger - skip non existing resourceDirectory C:\selenium\Springer\Search\src\test\resources
2017-04-06 15:57:50,890 [Worker-50] INFO  o.e.m.c.i.embedder.EclipseLogger - Using 'UTF-8' encoding to copy filtered resources.
2017-04-06 15:57:50,890 [Worker-50] INFO  o.e.m.c.i.embedder.EclipseLogger - skip non existing resourceDirectory C:\selenium\Springer\Search\src\main\resources
2017-04-06 15:57:50,894 [Worker-50] INFO  o.e.m.c.i.embedder.EclipseLogger - Using 'UTF-8' encoding to copy filtered resources.
2017-04-06 15:57:50,895 [Worker-50] INFO  o.e.m.c.i.embedder.EclipseLogger - skip non existing resourceDirectory C:\selenium\Springer\Search\src\test\resources
2017-04-06 15:58:09,696 [Worker-51] INFO  o.e.m.c.i.embedder.EclipseLogger - Using 'UTF-8' encoding to copy filtered resources.
2017-04-06 15:58:09,696 [Worker-51] INFO  o.e.m.c.i.embedder.EclipseLogger - skip non existing resourceDirectory C:\selenium\Springer\Search\src\main\resources
2017-04-06 15:58:09,698 [Worker-51] INFO  o.e.m.c.i.embedder.EclipseLogger - Using 'UTF-8' encoding to copy filtered resources.
2017-04-06 15:58:09,699 [Worker-51] INFO  o.e.m.c.i.embedder.EclipseLogger - skip non existing resourceDirectory C:\selenium\Springer\Search\src\test\resources
2017-04-06 15:58:38,887 [Worker-47] INFO  o.e.m.c.i.embedder.EclipseLogger - Using 'UTF-8' encoding to copy filtered resources.
2017-04-06 15:58:38,888 [Worker-47] INFO  o.e.m.c.i.embedder.EclipseLogger - skip non existing resourceDirectory C:\selenium\Springer\Search\src\main\resources
2017-04-06 15:58:38,890 [Worker-47] INFO  o.e.m.c.i.embedder.EclipseLogger - Using 'UTF-8' encoding to copy filtered resources.
2017-04-06 15:58:38,891 [Worker-47] INFO  o.e.m.c.i.embedder.EclipseLogger - skip non existing resourceDirectory C:\selenium\Springer\Search\src\test\resources
2017-04-06 16:03:03,982 [Worker-49] INFO  o.e.m.c.i.l.LifecycleMappingFactory - Using org.eclipse.m2e.jdt.JarLifecycleMapping lifecycle mapping for MavenProject: com.Springer:Search:0.0.1-SNAPSHOT @ C:\selenium\Springer\Search\pom.xml.
2017-04-06 16:03:05,645 [Worker-49] INFO  o.e.m.c.i.embedder.EclipseLogger - Using 'UTF-8' encoding to copy filtered resources.
2017-04-06 16:03:05,645 [Worker-49] INFO  o.e.m.c.i.embedder.EclipseLogger - skip non existing resourceDirectory C:\selenium\Springer\Search\src\main\resources
2017-04-06 16:03:05,649 [Worker-49] INFO  o.e.m.c.i.embedder.EclipseLogger - Using 'UTF-8' encoding to copy filtered resources.
2017-04-06 16:03:05,650 [Worker-49] INFO  o.e.m.c.i.embedder.EclipseLogger - skip non existing resourceDirectory C:\selenium\Springer\Search\src\test\resources
2017-04-06 16:03:08,003 [Worker-51] INFO  o.e.m.c.i.embedder.EclipseLogger - Using 'UTF-8' encoding to copy filtered resources.
2017-04-06 16:03:08,004 [Worker-51] INFO  o.e.m.c.i.embedder.EclipseLogger - skip non existing resourceDirectory C:\selenium\Springer\Search\src\main\resources
2017-04-06 16:03:08,006 [Worker-51] INFO  o.e.m.c.i.embedder.EclipseLogger - Using 'UTF-8' encoding to copy filtered resources.
2017-04-06 16:03:08,006 [Worker-51] INFO  o.e.m.c.i.embedder.EclipseLogger - skip non existing resourceDirectory C:\selenium\Springer\Search\src\test\resources
2017-04-06 16:03:11,220 [Worker-49] INFO  o.e.m.c.i.embedder.EclipseLogger - Using 'UTF-8' encoding to copy filtered resources.
2017-04-06 16:03:11,221 [Worker-49] INFO  o.e.m.c.i.embedder.EclipseLogger - skip non existing resourceDirectory C:\selenium\Springer\Search\src\main\resources
2017-04-06 16:03:11,225 [Worker-49] INFO  o.e.m.c.i.embedder.EclipseLogger - Using 'UTF-8' encoding to copy filtered resources.
2017-04-06 16:03:11,225 [Worker-49] INFO  o.e.m.c.i.embedder.EclipseLogger - skip non existing resourceDirectory C:\selenium\Springer\Search\src\test\resources
2017-04-06 16:05:33,353 [Worker-47] INFO  o.e.m.c.i.embedder.EclipseLogger - Using 'UTF-8' encoding to copy filtered resources.
2017-04-06 16:05:33,353 [Worker-47] INFO  o.e.m.c.i.embedder.EclipseLogger - skip non existing resourceDirectory C:\selenium\Springer\Search\src\main\resources
2017-04-06 16:05:33,375 [Worker-47] INFO  o.e.m.c.i.embedder.EclipseLogger - Using 'UTF-8' encoding to copy filtered resources.
2017-04-06 16:05:33,375 [Worker-47] INFO  o.e.m.c.i.embedder.EclipseLogger - skip non existing resourceDirectory C:\selenium\Springer\Search\src\test\resources
2017-04-06 16:06:26,518 [Worker-25] INFO  o.e.m.c.i.embedder.EclipseLogger - Using 'UTF-8' encoding to copy filtered resources.
2017-04-06 16:06:26,519 [Worker-25] INFO  o.e.m.c.i.embedder.EclipseLogger - skip non existing resourceDirectory C:\selenium\Springer\Search\src\main\resources
2017-04-06 16:06:26,521 [Worker-25] INFO  o.e.m.c.i.embedder.EclipseLogger - Using 'UTF-8' encoding to copy filtered resources.
2017-04-06 16:06:26,522 [Worker-25] INFO  o.e.m.c.i.embedder.EclipseLogger - skip non existing resourceDirectory C:\selenium\Springer\Search\src\test\resources
2017-04-06 16:07:05,947 [Worker-51] INFO  o.e.m.c.i.embedder.EclipseLogger - Using 'UTF-8' encoding to copy filtered resources.
2017-04-06 16:07:05,947 [Worker-51] INFO  o.e.m.c.i.embedder.EclipseLogger - skip non existing resourceDirectory C:\selenium\Springer\Search\src\main\resources
2017-04-06 16:07:05,951 [Worker-51] INFO  o.e.m.c.i.embedder.EclipseLogger - Using 'UTF-8' encoding to copy filtered resources.
2017-04-06 16:07:05,955 [Worker-51] INFO  o.e.m.c.i.embedder.EclipseLogger - skip non existing resourceDirectory C:\selenium\Springer\Search\src\test\resources
2017-04-06 16:07:31,088 [Worker-47] INFO  o.e.m.c.i.embedder.EclipseLogger - Using 'UTF-8' encoding to copy filtered resources.
2017-04-06 16:07:31,088 [Worker-47] INFO  o.e.m.c.i.embedder.EclipseLogger - skip non existing resourceDirectory C:\selenium\Springer\Search\src\main\resources
2017-04-06 16:07:31,091 [Worker-47] INFO  o.e.m.c.i.embedder.EclipseLogger - Using 'UTF-8' encoding to copy filtered resources.
2017-04-06 16:07:31,091 [Worker-47] INFO  o.e.m.c.i.embedder.EclipseLogger - skip non existing resourceDirectory C:\selenium\Springer\Search\src\test\resources
2017-04-06 16:07:50,985 [Worker-25] INFO  o.e.m.c.i.embedder.EclipseLogger - Using 'UTF-8' encoding to copy filtered resources.
2017-04-06 16:07:50,985 [Worker-25] INFO  o.e.m.c.i.embedder.EclipseLogger - skip non existing resourceDirectory C:\selenium\Springer\Search\src\main\resources
2017-04-06 16:07:50,990 [Worker-25] INFO  o.e.m.c.i.embedder.EclipseLogger - Using 'UTF-8' encoding to copy filtered resources.
2017-04-06 16:07:50,990 [Worker-25] INFO  o.e.m.c.i.embedder.EclipseLogger - skip non existing resourceDirectory C:\selenium\Springer\Search\src\test\resources
2017-04-06 16:08:31,741 [Worker-49] INFO  o.e.m.c.i.embedder.EclipseLogger - Using 'UTF-8' encoding to copy filtered resources.
2017-04-06 16:08:31,742 [Worker-49] INFO  o.e.m.c.i.embedder.EclipseLogger - skip non existing resourceDirectory C:\selenium\Springer\Search\src\main\resources
2017-04-06 16:08:31,744 [Worker-49] INFO  o.e.m.c.i.embedder.EclipseLogger - Using 'UTF-8' encoding to copy filtered resources.
2017-04-06 16:08:31,745 [Worker-49] INFO  o.e.m.c.i.embedder.EclipseLogger - skip non existing resourceDirectory C:\selenium\Springer\Search\src\test\resources
2017-04-06 16:09:56,701 [Worker-50] INFO  o.e.m.c.i.embedder.EclipseLogger - Using 'UTF-8' encoding to copy filtered resources.
2017-04-06 16:09:56,701 [Worker-50] INFO  o.e.m.c.i.embedder.EclipseLogger - skip non existing resourceDirectory C:\selenium\Springer\Search\src\main\resources
2017-04-06 16:09:56,703 [Worker-50] INFO  o.e.m.c.i.embedder.EclipseLogger - Using 'UTF-8' encoding to copy filtered resources.
2017-04-06 16:09:56,704 [Worker-50] INFO  o.e.m.c.i.embedder.EclipseLogger - skip non existing resourceDirectory C:\selenium\Springer\Search\src\test\resources
2017-04-06 16:10:22,781 [Worker-51] INFO  o.e.m.c.i.embedder.EclipseLogger - Using 'UTF-8' encoding to copy filtered resources.
2017-04-06 16:10:22,782 [Worker-51] INFO  o.e.m.c.i.embedder.EclipseLogger - skip non existing resourceDirectory C:\selenium\Springer\Search\src\main\resources
2017-04-06 16:10:22,785 [Worker-51] INFO  o.e.m.c.i.embedder.EclipseLogger - Using 'UTF-8' encoding to copy filtered resources.
2017-04-06 16:10:22,785 [Worker-51] INFO  o.e.m.c.i.embedder.EclipseLogger - skip non existing resourceDirectory C:\selenium\Springer\Search\src\test\resources
2017-04-06 16:12:20,389 [Worker-47] INFO  o.e.m.c.i.embedder.EclipseLogger - Using 'UTF-8' encoding to copy filtered resources.
2017-04-06 16:12:20,390 [Worker-47] INFO  o.e.m.c.i.embedder.EclipseLogger - skip non existing resourceDirectory C:\selenium\Springer\Search\src\main\resources
2017-04-06 16:12:20,391 [Worker-47] INFO  o.e.m.c.i.embedder.EclipseLogger - Using 'UTF-8' encoding to copy filtered resources.
2017-04-06 16:12:20,392 [Worker-47] INFO  o.e.m.c.i.embedder.EclipseLogger - skip non existing resourceDirectory C:\selenium\Springer\Search\src\test\resources
2017-04-06 16:13:03,223 [Worker-52] INFO  o.e.m.c.i.embedder.EclipseLogger - Using 'UTF-8' encoding to copy filtered resources.
2017-04-06 16:13:03,224 [Worker-52] INFO  o.e.m.c.i.embedder.EclipseLogger - skip non existing resourceDirectory C:\selenium\Springer\Search\src\main\resources
2017-04-06 16:13:03,226 [Worker-52] INFO  o.e.m.c.i.embedder.EclipseLogger - Using 'UTF-8' encoding to copy filtered resources.
2017-04-06 16:13:03,227 [Worker-52] INFO  o.e.m.c.i.embedder.EclipseLogger - skip non existing resourceDirectory C:\selenium\Springer\Search\src\test\resources
2017-04-06 16:14:31,691 [Worker-51] INFO  o.e.m.c.i.embedder.EclipseLogger - Using 'UTF-8' encoding to copy filtered resources.
2017-04-06 16:14:31,691 [Worker-51] INFO  o.e.m.c.i.embedder.EclipseLogger - skip non existing resourceDirectory C:\selenium\Springer\Search\src\main\resources
2017-04-06 16:14:31,693 [Worker-51] INFO  o.e.m.c.i.embedder.EclipseLogger - Using 'UTF-8' encoding to copy filtered resources.
2017-04-06 16:14:31,693 [Worker-51] INFO  o.e.m.c.i.embedder.EclipseLogger - skip non existing resourceDirectory C:\selenium\Springer\Search\src\test\resources
2017-04-06 16:16:07,024 [Worker-55] INFO  o.e.m.c.i.embedder.EclipseLogger - Using 'UTF-8' encoding to copy filtered resources.
2017-04-06 16:16:07,025 [Worker-55] INFO  o.e.m.c.i.embedder.EclipseLogger - skip non existing resourceDirectory C:\selenium\Springer\Search\src\main\resources
2017-04-06 16:16:07,026 [Worker-55] INFO  o.e.m.c.i.embedder.EclipseLogger - Using 'UTF-8' encoding to copy filtered resources.
2017-04-06 16:16:07,027 [Worker-55] INFO  o.e.m.c.i.embedder.EclipseLogger - skip non existing resourceDirectory C:\selenium\Springer\Search\src\test\resources
2017-04-06 16:16:21,713 [Worker-54] INFO  o.e.m.c.i.embedder.EclipseLogger - Using 'UTF-8' encoding to copy filtered resources.
2017-04-06 16:16:21,714 [Worker-54] INFO  o.e.m.c.i.embedder.EclipseLogger - skip non existing resourceDirectory C:\selenium\Springer\Search\src\main\resources
2017-04-06 16:16:21,718 [Worker-54] INFO  o.e.m.c.i.embedder.EclipseLogger - Using 'UTF-8' encoding to copy filtered resources.
2017-04-06 16:16:21,718 [Worker-54] INFO  o.e.m.c.i.embedder.EclipseLogger - skip non existing resourceDirectory C:\selenium\Springer\Search\src\test\resources
2017-04-06 16:22:26,601 [Worker-47] INFO  o.e.m.c.i.embedder.EclipseLogger - Using 'UTF-8' encoding to copy filtered resources.
2017-04-06 16:22:26,601 [Worker-47] INFO  o.e.m.c.i.embedder.EclipseLogger - skip non existing resourceDirectory C:\selenium\Springer\Search\src\main\resources
2017-04-06 16:22:26,603 [Worker-47] INFO  o.e.m.c.i.embedder.EclipseLogger - Using 'UTF-8' encoding to copy filtered resources.
2017-04-06 16:22:26,603 [Worker-47] INFO  o.e.m.c.i.embedder.EclipseLogger - skip non existing resourceDirectory C:\selenium\Springer\Search\src\test\resources
2017-04-06 16:27:18,305 [Worker-51] INFO  o.e.m.c.i.embedder.EclipseLogger - Using 'UTF-8' encoding to copy filtered resources.
2017-04-06 16:27:18,306 [Worker-51] INFO  o.e.m.c.i.embedder.EclipseLogger - skip non existing resourceDirectory C:\selenium\Springer\Search\src\main\resources
2017-04-06 16:27:18,308 [Worker-51] INFO  o.e.m.c.i.embedder.EclipseLogger - Using 'UTF-8' encoding to copy filtered resources.
2017-04-06 16:27:18,308 [Worker-51] INFO  o.e.m.c.i.embedder.EclipseLogger - skip non existing resourceDirectory C:\selenium\Springer\Search\src\test\resources
2017-04-06 16:27:57,695 [Worker-51] INFO  o.e.m.c.i.embedder.EclipseLogger - Using 'UTF-8' encoding to copy filtered resources.
2017-04-06 16:27:57,695 [Worker-51] INFO  o.e.m.c.i.embedder.EclipseLogger - skip non existing resourceDirectory C:\selenium\Springer\Search\src\main\resources
2017-04-06 16:27:57,697 [Worker-51] INFO  o.e.m.c.i.embedder.EclipseLogger - Using 'UTF-8' encoding to copy filtered resources.
2017-04-06 16:27:57,698 [Worker-51] INFO  o.e.m.c.i.embedder.EclipseLogger - skip non existing resourceDirectory C:\selenium\Springer\Search\src\test\resources
2017-04-06 16:28:13,640 [Worker-55] INFO  o.e.m.c.i.embedder.EclipseLogger - Using 'UTF-8' encoding to copy filtered resources.
2017-04-06 16:28:13,641 [Worker-55] INFO  o.e.m.c.i.embedder.EclipseLogger - skip non existing resourceDirectory C:\selenium\Springer\Search\src\main\resources
2017-04-06 16:28:13,642 [Worker-55] INFO  o.e.m.c.i.embedder.EclipseLogger - Using 'UTF-8' encoding to copy filtered resources.
2017-04-06 16:28:13,643 [Worker-55] INFO  o.e.m.c.i.embedder.EclipseLogger - skip non existing resourceDirectory C:\selenium\Springer\Search\src\test\resources
2017-04-06 16:29:12,357 [Worker-58] INFO  o.e.m.c.i.embedder.EclipseLogger - Using 'UTF-8' encoding to copy filtered resources.
2017-04-06 16:29:12,358 [Worker-58] INFO  o.e.m.c.i.embedder.EclipseLogger - skip non existing resourceDirectory C:\selenium\Springer\Search\src\main\resources
2017-04-06 16:29:12,360 [Worker-58] INFO  o.e.m.c.i.embedder.EclipseLogger - Using 'UTF-8' encoding to copy filtered resources.
2017-04-06 16:29:12,361 [Worker-58] INFO  o.e.m.c.i.embedder.EclipseLogger - skip non existing resourceDirectory C:\selenium\Springer\Search\src\test\resources
2017-04-06 16:29:37,166 [Worker-58] INFO  o.e.m.c.i.embedder.EclipseLogger - Using 'UTF-8' encoding to copy filtered resources.
2017-04-06 16:29:37,166 [Worker-58] INFO  o.e.m.c.i.embedder.EclipseLogger - skip non existing resourceDirectory C:\selenium\Springer\Search\src\main\resources
2017-04-06 16:29:37,168 [Worker-58] INFO  o.e.m.c.i.embedder.EclipseLogger - Using 'UTF-8' encoding to copy filtered resources.
2017-04-06 16:29:37,168 [Worker-58] INFO  o.e.m.c.i.embedder.EclipseLogger - skip non existing resourceDirectory C:\selenium\Springer\Search\src\test\resources
2017-04-06 16:29:43,424 [Worker-58] INFO  o.e.m.c.i.embedder.EclipseLogger - Using 'UTF-8' encoding to copy filtered resources.
2017-04-06 16:29:43,424 [Worker-58] INFO  o.e.m.c.i.embedder.EclipseLogger - skip non existing resourceDirectory C:\selenium\Springer\Search\src\main\resources
2017-04-06 16:29:43,426 [Worker-58] INFO  o.e.m.c.i.embedder.EclipseLogger - Using 'UTF-8' encoding to copy filtered resources.
2017-04-06 16:29:43,426 [Worker-58] INFO  o.e.m.c.i.embedder.EclipseLogger - skip non existing resourceDirectory C:\selenium\Springer\Search\src\test\resources
2017-04-06 16:29:57,444 [Worker-47] INFO  o.e.m.c.i.embedder.EclipseLogger - Using 'UTF-8' encoding to copy filtered resources.
2017-04-06 16:29:57,444 [Worker-47] INFO  o.e.m.c.i.embedder.EclipseLogger - skip non existing resourceDirectory C:\selenium\Springer\Search\src\main\resources
2017-04-06 16:29:57,446 [Worker-47] INFO  o.e.m.c.i.embedder.EclipseLogger - Using 'UTF-8' encoding to copy filtered resources.
2017-04-06 16:29:57,446 [Worker-47] INFO  o.e.m.c.i.embedder.EclipseLogger - skip non existing resourceDirectory C:\selenium\Springer\Search\src\test\resources
2017-04-06 16:30:52,241 [Worker-52] INFO  o.e.m.c.i.embedder.EclipseLogger - Using 'UTF-8' encoding to copy filtered resources.
2017-04-06 16:30:52,242 [Worker-52] INFO  o.e.m.c.i.embedder.EclipseLogger - skip non existing resourceDirectory C:\selenium\Springer\Search\src\main\resources
2017-04-06 16:30:52,243 [Worker-52] INFO  o.e.m.c.i.embedder.EclipseLogger - Using 'UTF-8' encoding to copy filtered resources.
2017-04-06 16:30:52,244 [Worker-52] INFO  o.e.m.c.i.embedder.EclipseLogger - skip non existing resourceDirectory C:\selenium\Springer\Search\src\test\resources
2017-04-06 16:31:57,097 [Worker-55] INFO  o.e.m.c.i.embedder.EclipseLogger - Using 'UTF-8' encoding to copy filtered resources.
2017-04-06 16:31:57,097 [Worker-55] INFO  o.e.m.c.i.embedder.EclipseLogger - skip non existing resourceDirectory C:\selenium\Springer\Search\src\main\resources
2017-04-06 16:31:57,102 [Worker-55] INFO  o.e.m.c.i.embedder.EclipseLogger - Using 'UTF-8' encoding to copy filtered resources.
2017-04-06 16:31:57,137 [Worker-55] INFO  o.e.m.c.i.embedder.EclipseLogger - Copying 0 resource
2017-04-06 16:32:31,422 [Worker-59] INFO  o.e.m.c.i.embedder.EclipseLogger - Using 'UTF-8' encoding to copy filtered resources.
2017-04-06 16:32:31,422 [Worker-59] INFO  o.e.m.c.i.embedder.EclipseLogger - skip non existing resourceDirectory C:\selenium\Springer\Search\src\main\resources
2017-04-06 16:32:31,425 [Worker-59] INFO  o.e.m.c.i.embedder.EclipseLogger - Using 'UTF-8' encoding to copy filtered resources.
2017-04-06 16:32:31,427 [Worker-59] INFO  o.e.m.c.i.embedder.EclipseLogger - Copying 0 resource
2017-04-06 16:32:43,654 [Worker-55] INFO  o.e.m.c.i.embedder.EclipseLogger - Using 'UTF-8' encoding to copy filtered resources.
2017-04-06 16:32:43,654 [Worker-55] INFO  o.e.m.c.i.embedder.EclipseLogger - skip non existing resourceDirectory C:\selenium\Springer\Search\src\main\resources
2017-04-06 16:32:43,656 [Worker-55] INFO  o.e.m.c.i.embedder.EclipseLogger - Using 'UTF-8' encoding to copy filtered resources.
2017-04-06 16:32:43,658 [Worker-55] INFO  o.e.m.c.i.embedder.EclipseLogger - Copying 0 resource
2017-04-06 16:33:23,899 [Worker-52] INFO  o.e.m.c.i.embedder.EclipseLogger - Using 'UTF-8' encoding to copy filtered resources.
2017-04-06 16:33:23,900 [Worker-52] INFO  o.e.m.c.i.embedder.EclipseLogger - skip non existing resourceDirectory C:\selenium\Springer\Search\src\main\resources
2017-04-06 16:33:23,902 [Worker-52] INFO  o.e.m.c.i.embedder.EclipseLogger - Using 'UTF-8' encoding to copy filtered resources.
2017-04-06 16:33:23,902 [Worker-52] INFO  o.e.m.c.i.embedder.EclipseLogger - Copying 0 resource
2017-04-06 16:33:38,027 [Worker-59] INFO  o.e.m.c.i.embedder.EclipseLogger - Using 'UTF-8' encoding to copy filtered resources.
2017-04-06 16:33:38,028 [Worker-59] INFO  o.e.m.c.i.embedder.EclipseLogger - skip non existing resourceDirectory C:\selenium\Springer\Search\src\main\resources
2017-04-06 16:33:38,029 [Worker-59] INFO  o.e.m.c.i.embedder.EclipseLogger - Using 'UTF-8' encoding to copy filtered resources.
2017-04-06 16:33:38,030 [Worker-59] INFO  o.e.m.c.i.embedder.EclipseLogger - Copying 0 resource
2017-04-06 16:33:57,451 [Worker-59] INFO  o.e.m.c.i.embedder.EclipseLogger - Using 'UTF-8' encoding to copy filtered resources.
2017-04-06 16:33:57,451 [Worker-59] INFO  o.e.m.c.i.embedder.EclipseLogger - skip non existing resourceDirectory C:\selenium\Springer\Search\src\main\resources
2017-04-06 16:33:57,453 [Worker-59] INFO  o.e.m.c.i.embedder.EclipseLogger - Using 'UTF-8' encoding to copy filtered resources.
2017-04-06 16:33:57,454 [Worker-59] INFO  o.e.m.c.i.embedder.EclipseLogger - Copying 0 resource
2017-04-06 16:34:26,455 [Worker-58] INFO  o.e.m.c.i.embedder.EclipseLogger - Using 'UTF-8' encoding to copy filtered resources.
2017-04-06 16:34:26,455 [Worker-58] INFO  o.e.m.c.i.embedder.EclipseLogger - skip non existing resourceDirectory C:\selenium\Springer\Search\src\main\resources
2017-04-06 16:34:26,457 [Worker-58] INFO  o.e.m.c.i.embedder.EclipseLogger - Using 'UTF-8' encoding to copy filtered resources.
2017-04-06 16:34:26,459 [Worker-58] INFO  o.e.m.c.i.embedder.EclipseLogger - Copying 0 resource
2017-04-06 16:34:43,932 [Worker-59] INFO  o.e.m.c.i.embedder.EclipseLogger - Using 'UTF-8' encoding to copy filtered resources.
2017-04-06 16:34:43,932 [Worker-59] INFO  o.e.m.c.i.embedder.EclipseLogger - skip non existing resourceDirectory C:\selenium\Springer\Search\src\main\resources
2017-04-06 16:34:43,934 [Worker-59] INFO  o.e.m.c.i.embedder.EclipseLogger - Using 'UTF-8' encoding to copy filtered resources.
2017-04-06 16:34:43,937 [Worker-59] INFO  o.e.m.c.i.embedder.EclipseLogger - Copying 1 resource
2017-04-06 16:35:15,394 [Worker-58] INFO  o.e.m.c.i.embedder.EclipseLogger - Using 'UTF-8' encoding to copy filtered resources.
2017-04-06 16:35:15,394 [Worker-58] INFO  o.e.m.c.i.embedder.EclipseLogger - skip non existing resourceDirectory C:\selenium\Springer\Search\src\main\resources
2017-04-06 16:35:15,397 [Worker-58] INFO  o.e.m.c.i.embedder.EclipseLogger - Using 'UTF-8' encoding to copy filtered resources.
2017-04-06 16:35:15,398 [Worker-58] INFO  o.e.m.c.i.embedder.EclipseLogger - Copying 1 resource
2017-04-06 16:36:40,086 [Worker-60] INFO  o.e.m.c.i.embedder.EclipseLogger - Using 'UTF-8' encoding to copy filtered resources.
2017-04-06 16:36:40,087 [Worker-60] INFO  o.e.m.c.i.embedder.EclipseLogger - skip non existing resourceDirectory C:\selenium\Springer\Search\src\main\resources
2017-04-06 16:36:40,088 [Worker-60] INFO  o.e.m.c.i.embedder.EclipseLogger - Using 'UTF-8' encoding to copy filtered resources.
2017-04-06 16:36:40,126 [Worker-60] INFO  o.e.m.c.i.embedder.EclipseLogger - Copying 1 resource
2017-04-06 16:37:12,489 [Worker-52] INFO  o.e.m.i.launch.MavenLaunchDelegate - C:\selenium\Springer\Search
2017-04-06 16:37:12,491 [Worker-52] INFO  o.e.m.i.launch.MavenLaunchDelegate -  mvn -B test
2017-04-06 16:37:19,553 [Worker-52] INFO  o.e.m.c.i.embedder.EclipseLogger - Using 'UTF-8' encoding to copy filtered resources.
2017-04-06 16:37:19,553 [Worker-52] INFO  o.e.m.c.i.embedder.EclipseLogger - skip non existing resourceDirectory C:\selenium\Springer\Search\src\main\resources
2017-04-06 16:37:19,555 [Worker-52] INFO  o.e.m.c.i.embedder.EclipseLogger - Using 'UTF-8' encoding to copy filtered resources.
2017-04-06 16:37:19,555 [Worker-52] INFO  o.e.m.c.i.embedder.EclipseLogger - Copying 0 resource
2017-04-06 16:37:39,208 [Worker-55] INFO  o.e.m.i.launch.MavenLaunchDelegate - C:\selenium\Springer\Search
2017-04-06 16:37:39,209 [Worker-55] INFO  o.e.m.i.launch.MavenLaunchDelegate -  mvn -B install
2017-04-06 16:37:45,391 [Worker-59] INFO  o.e.m.c.i.embedder.EclipseLogger - Using 'UTF-8' encoding to copy filtered resources.
2017-04-06 16:37:45,392 [Worker-59] INFO  o.e.m.c.i.embedder.EclipseLogger - skip non existing resourceDirectory C:\selenium\Springer\Search\src\main\resources
2017-04-06 16:37:45,396 [Worker-59] INFO  o.e.m.c.i.embedder.EclipseLogger - Using 'UTF-8' encoding to copy filtered resources.
2017-04-06 16:37:45,397 [Worker-59] INFO  o.e.m.c.i.embedder.EclipseLogger - Copying 0 resource
2017-04-06 16:41:50,692 [main] INFO  o.e.m2e.actions.ExecutePomAction - Creating new launch configuration
2017-04-06 16:42:04,333 [Worker-47] INFO  o.e.m.i.launch.MavenLaunchDelegate - C:\selenium\Springer\Search
2017-04-06 16:42:04,333 [Worker-47] INFO  o.e.m.i.launch.MavenLaunchDelegate -  mvn -B 
2017-04-06 16:42:35,995 [main] INFO  o.e.m2e.actions.ExecutePomAction - Using existing launch configuration
2017-04-06 16:43:07,491 [Worker-47] INFO  o.e.m.i.launch.MavenLaunchDelegate - C:\selenium\Springer\Search
2017-04-06 16:43:07,492 [Worker-47] INFO  o.e.m.i.launch.MavenLaunchDelegate -  mvn -B 1
2017-04-06 16:44:25,049 [main] INFO  o.e.m2e.actions.ExecutePomAction - Creating new launch configuration
2017-04-06 16:56:27,905 [Worker-63] INFO  o.e.m.c.i.l.LifecycleMappingFactory - Using org.eclipse.m2e.jdt.JarLifecycleMapping lifecycle mapping for MavenProject: com.Springer:Search:0.0.1-SNAPSHOT @ C:\selenium\Springer\Search\pom.xml.
2017-04-06 16:56:29,348 [Worker-63] INFO  o.e.m.c.i.embedder.EclipseLogger - Using 'UTF-8' encoding to copy filtered resources.
2017-04-06 16:56:29,356 [Worker-63] INFO  o.e.m.c.i.embedder.EclipseLogger - skip non existing resourceDirectory C:\selenium\Springer\Search\src\main\resources
2017-04-06 16:56:29,365 [Worker-63] INFO  o.e.m.c.i.embedder.EclipseLogger - Using 'UTF-8' encoding to copy filtered resources.
2017-04-06 16:56:29,371 [Worker-63] INFO  o.e.m.c.i.embedder.EclipseLogger - Copying 0 resource
2017-04-06 16:56:31,689 [Worker-63] INFO  o.e.m.c.i.embedder.EclipseLogger - Using 'UTF-8' encoding to copy filtered resources.
2017-04-06 16:56:31,689 [Worker-63] INFO  o.e.m.c.i.embedder.EclipseLogger - skip non existing resourceDirectory C:\selenium\Springer\Search\src\main\resources
2017-04-06 16:56:31,691 [Worker-63] INFO  o.e.m.c.i.embedder.EclipseLogger - Using 'UTF-8' encoding to copy filtered resources.
2017-04-06 16:56:31,692 [Worker-63] INFO  o.e.m.c.i.embedder.EclipseLogger - Copying 1 resource
2017-04-06 16:59:27,717 [Worker-62] INFO  o.e.m.c.i.embedder.EclipseLogger - Using 'UTF-8' encoding to copy filtered resources.
2017-04-06 16:59:27,718 [Worker-62] INFO  o.e.m.c.i.embedder.EclipseLogger - skip non existing resourceDirectory C:\selenium\Springer\Search\src\main\resources
2017-04-06 16:59:27,722 [Worker-62] INFO  o.e.m.c.i.embedder.EclipseLogger - Using 'UTF-8' encoding to copy filtered resources.
2017-04-06 16:59:27,724 [Worker-62] INFO  o.e.m.c.i.embedder.EclipseLogger - Copying 1 resource
2017-04-06 17:00:03,377 [Worker-65] INFO  o.e.m.c.i.embedder.EclipseLogger - Using 'UTF-8' encoding to copy filtered resources.
2017-04-06 17:00:03,377 [Worker-65] INFO  o.e.m.c.i.embedder.EclipseLogger - skip non existing resourceDirectory C:\selenium\Springer\Search\src\main\resources
2017-04-06 17:00:03,379 [Worker-65] INFO  o.e.m.c.i.embedder.EclipseLogger - Using 'UTF-8' encoding to copy filtered resources.
2017-04-06 17:00:03,381 [Worker-65] INFO  o.e.m.c.i.embedder.EclipseLogger - Copying 1 resource
2017-04-06 17:11:54,154 [Worker-64] INFO  o.e.m.c.i.embedder.EclipseLogger - Using 'UTF-8' encoding to copy filtered resources.
2017-04-06 17:11:54,155 [Worker-64] INFO  o.e.m.c.i.embedder.EclipseLogger - skip non existing resourceDirectory C:\selenium\Springer\Search\src\main\resources
2017-04-06 17:11:54,158 [Worker-64] INFO  o.e.m.c.i.embedder.EclipseLogger - Using 'UTF-8' encoding to copy filtered resources.
2017-04-06 17:11:54,159 [Worker-64] INFO  o.e.m.c.i.embedder.EclipseLogger - Copying 1 resource
2017-04-06 17:20:27,979 [Worker-71] INFO  o.e.m.c.i.embedder.EclipseLogger - Using 'UTF-8' encoding to copy filtered resources.
2017-04-06 17:20:27,980 [Worker-71] INFO  o.e.m.c.i.embedder.EclipseLogger - skip non existing resourceDirectory C:\selenium\Springer\Search\src\main\resources
2017-04-06 17:20:27,982 [Worker-71] INFO  o.e.m.c.i.embedder.EclipseLogger - Using 'UTF-8' encoding to copy filtered resources.
2017-04-06 17:20:27,984 [Worker-71] INFO  o.e.m.c.i.embedder.EclipseLogger - Copying 1 resource
2017-04-06 17:21:02,166 [Worker-64] INFO  o.e.m.c.i.embedder.EclipseLogger - Using 'UTF-8' encoding to copy filtered resources.
2017-04-06 17:21:02,166 [Worker-64] INFO  o.e.m.c.i.embedder.EclipseLogger - skip non existing resourceDirectory C:\selenium\Springer\Search\src\main\resources
2017-04-06 17:21:02,168 [Worker-64] INFO  o.e.m.c.i.embedder.EclipseLogger - Using 'UTF-8' encoding to copy filtered resources.
2017-04-06 17:21:02,169 [Worker-64] INFO  o.e.m.c.i.embedder.EclipseLogger - Copying 1 resource
2017-04-06 17:23:54,768 [Worker-72] INFO  o.e.m.c.i.embedder.EclipseLogger - Using 'UTF-8' encoding to copy filtered resources.
2017-04-06 17:23:54,768 [Worker-72] INFO  o.e.m.c.i.embedder.EclipseLogger - skip non existing resourceDirectory C:\selenium\Springer\Search\src\main\resources
2017-04-06 17:23:54,774 [Worker-72] INFO  o.e.m.c.i.embedder.EclipseLogger - Using 'UTF-8' encoding to copy filtered resources.
2017-04-06 17:23:54,776 [Worker-72] INFO  o.e.m.c.i.embedder.EclipseLogger - Copying 1 resource
2017-04-06 17:29:27,262 [Worker-74] INFO  o.e.m.c.i.embedder.EclipseLogger - Using 'UTF-8' encoding to copy filtered resources.
2017-04-06 17:29:27,262 [Worker-74] INFO  o.e.m.c.i.embedder.EclipseLogger - skip non existing resourceDirectory C:\selenium\Springer\Search\src\main\resources
2017-04-06 17:29:27,264 [Worker-74] INFO  o.e.m.c.i.embedder.EclipseLogger - Using 'UTF-8' encoding to copy filtered resources.
2017-04-06 17:29:27,266 [Worker-74] INFO  o.e.m.c.i.embedder.EclipseLogger - Copying 1 resource
2017-04-06 17:31:41,995 [Worker-71] INFO  o.e.m.c.i.embedder.EclipseLogger - Using 'UTF-8' encoding to copy filtered resources.
2017-04-06 17:31:41,995 [Worker-71] INFO  o.e.m.c.i.embedder.EclipseLogger - skip non existing resourceDirectory C:\selenium\Springer\Search\src\main\resources
2017-04-06 17:31:41,999 [Worker-71] INFO  o.e.m.c.i.embedder.EclipseLogger - Using 'UTF-8' encoding to copy filtered resources.
2017-04-06 17:31:42,002 [Worker-71] INFO  o.e.m.c.i.embedder.EclipseLogger - Copying 1 resource
2017-04-06 17:33:46,328 [Worker-75] INFO  o.e.m.c.i.embedder.EclipseLogger - Using 'UTF-8' encoding to copy filtered resources.
2017-04-06 17:33:46,328 [Worker-75] INFO  o.e.m.c.i.embedder.EclipseLogger - skip non existing resourceDirectory C:\selenium\Springer\Search\src\main\resources
2017-04-06 17:33:46,330 [Worker-75] INFO  o.e.m.c.i.embedder.EclipseLogger - Using 'UTF-8' encoding to copy filtered resources.
2017-04-06 17:33:46,331 [Worker-75] INFO  o.e.m.c.i.embedder.EclipseLogger - Copying 1 resource
2017-04-06 17:34:41,719 [Worker-75] INFO  o.e.m.c.i.embedder.EclipseLogger - Using 'UTF-8' encoding to copy filtered resources.
2017-04-06 17:34:41,719 [Worker-75] INFO  o.e.m.c.i.embedder.EclipseLogger - skip non existing resourceDirectory C:\selenium\Springer\Search\src\main\resources
2017-04-06 17:34:41,721 [Worker-75] INFO  o.e.m.c.i.embedder.EclipseLogger - Using 'UTF-8' encoding to copy filtered resources.
2017-04-06 17:34:41,723 [Worker-75] INFO  o.e.m.c.i.embedder.EclipseLogger - Copying 1 resource
2017-04-06 17:36:43,769 [Worker-77] INFO  o.e.m.c.i.l.LifecycleMappingFactory - Using org.eclipse.m2e.jdt.JarLifecycleMapping lifecycle mapping for MavenProject: com.Springer:Search:0.0.1-SNAPSHOT @ C:\selenium\Springer\Search\pom.xml.
2017-04-06 17:36:44,324 [Worker-77] INFO  o.e.m.c.i.embedder.EclipseLogger - Using 'UTF-8' encoding to copy filtered resources.
2017-04-06 17:36:44,324 [Worker-77] INFO  o.e.m.c.i.embedder.EclipseLogger - skip non existing resourceDirectory C:\selenium\Springer\Search\src\main\resources
2017-04-06 17:36:44,327 [Worker-77] INFO  o.e.m.c.i.embedder.EclipseLogger - Using 'UTF-8' encoding to copy filtered resources.
2017-04-06 17:36:44,330 [Worker-77] INFO  o.e.m.c.i.embedder.EclipseLogger - Copying 0 resource
2017-04-06 17:36:46,809 [Worker-74] INFO  o.e.m.c.i.embedder.EclipseLogger - Using 'UTF-8' encoding to copy filtered resources.
2017-04-06 17:36:46,810 [Worker-74] INFO  o.e.m.c.i.embedder.EclipseLogger - skip non existing resourceDirectory C:\selenium\Springer\Search\src\main\resources
2017-04-06 17:36:46,811 [Worker-74] INFO  o.e.m.c.i.embedder.EclipseLogger - Using 'UTF-8' encoding to copy filtered resources.
2017-04-06 17:36:46,817 [Worker-74] INFO  o.e.m.c.i.embedder.EclipseLogger - Copying 1 resource
2017-04-06 17:37:49,347 [Worker-77] INFO  o.e.m.c.i.embedder.EclipseLogger - Using 'UTF-8' encoding to copy filtered resources.
2017-04-06 17:37:49,348 [Worker-77] INFO  o.e.m.c.i.embedder.EclipseLogger - skip non existing resourceDirectory C:\selenium\Springer\Search\src\main\resources
2017-04-06 17:37:49,349 [Worker-77] INFO  o.e.m.c.i.embedder.EclipseLogger - Using 'UTF-8' encoding to copy filtered resources.
2017-04-06 17:37:49,351 [Worker-77] INFO  o.e.m.c.i.embedder.EclipseLogger - Copying 1 resource
2017-04-06 17:49:44,092 [Worker-75] INFO  o.e.m.c.i.embedder.EclipseLogger - Using 'UTF-8' encoding to copy filtered resources.
2017-04-06 17:49:44,094 [Worker-75] INFO  o.e.m.c.i.embedder.EclipseLogger - skip non existing resourceDirectory C:\selenium\Springer\Search\src\main\resources
2017-04-06 17:49:44,096 [Worker-75] INFO  o.e.m.c.i.embedder.EclipseLogger - Using 'UTF-8' encoding to copy filtered resources.
2017-04-06 17:49:44,099 [Worker-75] INFO  o.e.m.c.i.embedder.EclipseLogger - Copying 1 resource
2017-04-06 18:12:58,940 [Worker-12] INFO  o.e.m.c.i.embedder.EclipseLogger - Using 'UTF-8' encoding to copy filtered resources.
2017-04-06 18:12:58,962 [Worker-12] INFO  o.e.m.c.i.embedder.EclipseLogger - skip non existing resourceDirectory C:\selenium\Springer\Search\src\main\resources
2017-04-06 18:12:58,967 [Worker-12] INFO  o.e.m.c.i.embedder.EclipseLogger - Using 'UTF-8' encoding to copy filtered resources.
2017-04-06 18:12:59,007 [Worker-12] INFO  o.e.m.c.i.embedder.EclipseLogger - Copying 1 resource
2017-04-06 18:13:51,904 [Worker-22] INFO  o.e.m.c.i.embedder.EclipseLogger - Using 'UTF-8' encoding to copy filtered resources.
2017-04-06 18:13:51,905 [Worker-22] INFO  o.e.m.c.i.embedder.EclipseLogger - skip non existing resourceDirectory C:\selenium\Springer\Search\src\main\resources
2017-04-06 18:13:51,908 [Worker-22] INFO  o.e.m.c.i.embedder.EclipseLogger - Using 'UTF-8' encoding to copy filtered resources.
2017-04-06 18:13:51,934 [Worker-22] INFO  o.e.m.c.i.embedder.EclipseLogger - Copying 1 resource
2017-04-06 18:27:51,676 [Worker-27] INFO  o.e.m.c.i.l.LifecycleMappingFactory - Using org.eclipse.m2e.jdt.JarLifecycleMapping lifecycle mapping for MavenProject: com.Springer:Search:0.0.1-SNAPSHOT @ C:\selenium\Springer\Search\pom.xml.
2017-04-06 18:27:52,626 [Worker-27] INFO  o.e.m.c.i.e.AbstractTransferListenerAdapter - Downloaded https://repo.maven.apache.org/maven2/junit/junit/4.1.1/junit-4.1.1.pom
2017-04-06 18:27:52,631 [Worker-27] WARN  o.e.m.c.i.embedder.EclipseLogger - The POM for junit:junit:jar:4.1.1 is missing, no dependency information available
2017-04-06 18:27:53,678 [Worker-27] INFO  o.e.m.c.i.e.AbstractTransferListenerAdapter - Downloaded https://repo.maven.apache.org/maven2/junit/junit/4.1.1/junit-4.1.1.jar
2017-04-06 18:27:54,230 [Worker-27] INFO  o.e.m.c.i.embedder.EclipseLogger - Using 'UTF-8' encoding to copy filtered resources.
2017-04-06 18:27:54,231 [Worker-27] INFO  o.e.m.c.i.embedder.EclipseLogger - skip non existing resourceDirectory C:\selenium\Springer\Search\src\main\resources
2017-04-06 18:27:54,234 [Worker-27] INFO  o.e.m.c.i.embedder.EclipseLogger - Using 'UTF-8' encoding to copy filtered resources.
2017-04-06 18:27:54,236 [Worker-27] INFO  o.e.m.c.i.embedder.EclipseLogger - Copying 0 resource
2017-04-06 18:28:07,916 [Worker-26] WARN  o.e.m.c.i.embedder.EclipseLogger - The POM for junit:junit:jar:4.1.1 is missing, no dependency information available
2017-04-06 18:30:16,926 [Worker-29] INFO  o.e.m.c.i.embedder.EclipseLogger - Using 'UTF-8' encoding to copy filtered resources.
2017-04-06 18:30:16,926 [Worker-29] INFO  o.e.m.c.i.embedder.EclipseLogger - skip non existing resourceDirectory C:\selenium\Springer\Search\src\main\resources
2017-04-06 18:30:16,929 [Worker-29] INFO  o.e.m.c.i.embedder.EclipseLogger - Using 'UTF-8' encoding to copy filtered resources.
2017-04-06 18:30:16,930 [Worker-29] INFO  o.e.m.c.i.embedder.EclipseLogger - Copying 0 resource
2017-04-06 18:38:46,245 [Worker-27] INFO  o.e.m.c.i.embedder.EclipseLogger - Using 'UTF-8' encoding to copy filtered resources.
2017-04-06 18:38:46,246 [Worker-27] INFO  o.e.m.c.i.embedder.EclipseLogger - skip non existing resourceDirectory C:\selenium\Springer\Search\src\main\resources
2017-04-06 18:38:46,249 [Worker-27] INFO  o.e.m.c.i.embedder.EclipseLogger - Using 'UTF-8' encoding to copy filtered resources.
2017-04-06 18:38:46,250 [Worker-27] INFO  o.e.m.c.i.embedder.EclipseLogger - Copying 0 resource
2017-04-06 18:55:47,364 [Worker-37] INFO  o.e.m.c.i.l.LifecycleMappingFactory - Using org.eclipse.m2e.jdt.JarLifecycleMapping lifecycle mapping for MavenProject: com.Springer:Search:0.0.1-SNAPSHOT @ C:\selenium\Springer\Search\pom.xml.
2017-04-06 18:55:48,070 [Worker-37] INFO  o.e.m.c.i.embedder.EclipseLogger - Using 'UTF-8' encoding to copy filtered resources.
2017-04-06 18:55:48,071 [Worker-37] INFO  o.e.m.c.i.embedder.EclipseLogger - skip non existing resourceDirectory C:\selenium\Springer\Search\src\main\resources
2017-04-06 18:55:48,074 [Worker-37] INFO  o.e.m.c.i.embedder.EclipseLogger - Using 'UTF-8' encoding to copy filtered resources.
2017-04-06 18:55:48,080 [Worker-37] INFO  o.e.m.c.i.embedder.EclipseLogger - Copying 0 resource
2017-04-06 18:55:50,031 [Worker-33] INFO  o.e.m.c.i.embedder.EclipseLogger - Using 'UTF-8' encoding to copy filtered resources.
2017-04-06 18:55:50,031 [Worker-33] INFO  o.e.m.c.i.embedder.EclipseLogger - skip non existing resourceDirectory C:\selenium\Springer\Search\src\main\resources
2017-04-06 18:55:50,034 [Worker-33] INFO  o.e.m.c.i.embedder.EclipseLogger - Using 'UTF-8' encoding to copy filtered resources.
2017-04-06 18:55:50,035 [Worker-33] INFO  o.e.m.c.i.embedder.EclipseLogger - Copying 1 resource
2017-04-06 18:59:27,017 [Worker-33] INFO  o.e.m.c.i.embedder.EclipseLogger - Using 'UTF-8' encoding to copy filtered resources.
2017-04-06 18:59:27,018 [Worker-33] INFO  o.e.m.c.i.embedder.EclipseLogger - skip non existing resourceDirectory C:\selenium\Springer\Search\src\main\resources
2017-04-06 18:59:27,020 [Worker-33] INFO  o.e.m.c.i.embedder.EclipseLogger - Using 'UTF-8' encoding to copy filtered resources.
2017-04-06 18:59:27,021 [Worker-33] INFO  o.e.m.c.i.embedder.EclipseLogger - Copying 1 resource
2017-04-06 19:00:18,970 [Worker-41] INFO  o.e.m.c.i.embedder.EclipseLogger - Using 'UTF-8' encoding to copy filtered resources.
2017-04-06 19:00:18,971 [Worker-41] INFO  o.e.m.c.i.embedder.EclipseLogger - skip non existing resourceDirectory C:\selenium\Springer\Search\src\main\resources
2017-04-06 19:00:18,977 [Worker-41] INFO  o.e.m.c.i.embedder.EclipseLogger - Using 'UTF-8' encoding to copy filtered resources.
2017-04-06 19:00:18,979 [Worker-41] INFO  o.e.m.c.i.embedder.EclipseLogger - Copying 1 resource
2017-04-06 19:06:33,113 [Worker-33] INFO  o.e.m.c.i.l.LifecycleMappingFactory - Using org.eclipse.m2e.jdt.JarLifecycleMapping lifecycle mapping for MavenProject: com.Springer:Search:0.0.1-SNAPSHOT @ C:\selenium\Springer\Search\pom.xml.
2017-04-06 19:06:33,543 [Worker-33] INFO  o.e.m.c.i.e.AbstractTransferListenerAdapter - Downloading https://repo.maven.apache.org/maven2/org/openqa/selenium/selenium-rc/1.0-20081010.060147/selenium-rc-1.0-20081010.060147.pom
2017-04-06 19:06:33,729 [Worker-33] INFO  o.e.m.c.i.e.AbstractTransferListenerAdapter - Downloaded https://repo.maven.apache.org/maven2/org/openqa/selenium/selenium-rc/1.0-20081010.060147/selenium-rc-1.0-20081010.060147.pom
2017-04-06 19:06:33,932 [Worker-33] INFO  o.e.m.c.i.e.AbstractTransferListenerAdapter - Downloaded https://repo.maven.apache.org/maven2/org/openqa/selenium/selenium-rc/1.0-20081010.060147/selenium-rc-1.0-20081010.060147.jar
2017-04-06 19:06:34,252 [Worker-33] INFO  o.e.m.c.i.embedder.EclipseLogger - Using 'UTF-8' encoding to copy filtered resources.
2017-04-06 19:06:34,253 [Worker-33] INFO  o.e.m.c.i.embedder.EclipseLogger - skip non existing resourceDirectory C:\selenium\Springer\Search\src\main\resources
2017-04-06 19:06:34,256 [Worker-33] INFO  o.e.m.c.i.embedder.EclipseLogger - Using 'UTF-8' encoding to copy filtered resources.
2017-04-06 19:06:34,260 [Worker-33] INFO  o.e.m.c.i.embedder.EclipseLogger - Copying 0 resource
2017-04-06 19:07:16,604 [Worker-37] INFO  o.e.m.c.i.embedder.EclipseLogger - Using 'UTF-8' encoding to copy filtered resources.
2017-04-06 19:07:16,604 [Worker-37] INFO  o.e.m.c.i.embedder.EclipseLogger - skip non existing resourceDirectory C:\selenium\Springer\Search\src\main\resources
2017-04-06 19:07:16,606 [Worker-37] INFO  o.e.m.c.i.embedder.EclipseLogger - Using 'UTF-8' encoding to copy filtered resources.
2017-04-06 19:07:16,607 [Worker-37] INFO  o.e.m.c.i.embedder.EclipseLogger - Copying 0 resource
2017-04-06 19:08:19,330 [Worker-43] INFO  o.e.m.c.i.l.LifecycleMappingFactory - Using org.eclipse.m2e.jdt.JarLifecycleMapping lifecycle mapping for MavenProject: com.Springer:Search:0.0.1-SNAPSHOT @ C:\selenium\Springer\Search\pom.xml.
2017-04-06 19:08:19,925 [Worker-43] INFO  o.e.m.c.i.embedder.EclipseLogger - Using 'UTF-8' encoding to copy filtered resources.
2017-04-06 19:08:19,926 [Worker-43] INFO  o.e.m.c.i.embedder.EclipseLogger - skip non existing resourceDirectory C:\selenium\Springer\Search\src\main\resources
2017-04-06 19:08:19,930 [Worker-43] INFO  o.e.m.c.i.embedder.EclipseLogger - Using 'UTF-8' encoding to copy filtered resources.
2017-04-06 19:08:19,933 [Worker-43] INFO  o.e.m.c.i.embedder.EclipseLogger - Copying 0 resource
2017-04-06 19:08:21,911 [Worker-45] INFO  o.e.m.c.i.embedder.EclipseLogger - Using 'UTF-8' encoding to copy filtered resources.
2017-04-06 19:08:21,912 [Worker-45] INFO  o.e.m.c.i.embedder.EclipseLogger - skip non existing resourceDirectory C:\selenium\Springer\Search\src\main\resources
2017-04-06 19:08:21,915 [Worker-45] INFO  o.e.m.c.i.embedder.EclipseLogger - Using 'UTF-8' encoding to copy filtered resources.
2017-04-06 19:08:21,917 [Worker-45] INFO  o.e.m.c.i.embedder.EclipseLogger - Copying 1 resource
2017-04-06 19:29:27,397 [Worker-48] INFO  o.e.m.c.i.embedder.EclipseLogger - Using 'UTF-8' encoding to copy filtered resources.
2017-04-06 19:29:27,399 [Worker-48] INFO  o.e.m.c.i.embedder.EclipseLogger - skip non existing resourceDirectory C:\selenium\Springer\Search\src\main\resources
2017-04-06 19:29:27,402 [Worker-48] INFO  o.e.m.c.i.embedder.EclipseLogger - Using 'UTF-8' encoding to copy filtered resources.
2017-04-06 19:29:27,403 [Worker-48] INFO  o.e.m.c.i.embedder.EclipseLogger - Copying 1 resource
2017-04-06 19:39:12,943 [Worker-52] INFO  o.e.m.i.launch.MavenLaunchDelegate - C:\selenium\Springer\Search
2017-04-06 19:39:12,945 [Worker-52] INFO  o.e.m.i.launch.MavenLaunchDelegate -  mvn -B 1
2017-04-06 19:43:30,698 [Worker-53] INFO  o.e.m.c.i.e.AbstractTransferListenerAdapter - Downloading https://repo.maven.apache.org/maven2/io/takari/m2e/workspace/org.eclipse.m2e.workspace.cli/0.3.1/org.eclipse.m2e.workspace.cli-0.3.1-sources.jar
2017-04-06 19:43:30,736 [Worker-53] INFO  o.e.m.c.i.e.AbstractTransferListenerAdapter - Downloaded https://repo.maven.apache.org/maven2/io/takari/m2e/workspace/org.eclipse.m2e.workspace.cli/0.3.1/org.eclipse.m2e.workspace.cli-0.3.1-sources.jar
2017-04-06 19:43:31,050 [Worker-53] INFO  o.e.m.c.i.e.AbstractTransferListenerAdapter - Downloading https://repo.maven.apache.org/maven2/org/codehaus/plexus/plexus-classworlds/2.5.2/plexus-classworlds-2.5.2-sources.jar
2017-04-06 19:43:31,109 [Worker-53] INFO  o.e.m.c.i.e.AbstractTransferListenerAdapter - Downloaded https://repo.maven.apache.org/maven2/org/codehaus/plexus/plexus-classworlds/2.5.2/plexus-classworlds-2.5.2-sources.jar
2017-04-06 19:43:31,421 [Worker-53] INFO  o.e.m.c.i.e.AbstractTransferListenerAdapter - Downloading https://repo.maven.apache.org/maven2/org/apache/maven/maven-core/3.3.9/maven-core-3.3.9-sources.jar
2017-04-06 19:43:31,641 [Worker-53] INFO  o.e.m.c.i.e.AbstractTransferListenerAdapter - Downloaded https://repo.maven.apache.org/maven2/org/apache/maven/maven-core/3.3.9/maven-core-3.3.9-sources.jar
2017-04-06 19:43:31,856 [Worker-53] INFO  o.e.m.c.i.e.AbstractTransferListenerAdapter - Downloading https://repo.maven.apache.org/maven2/org/apache/maven/maven-model/3.3.9/maven-model-3.3.9-sources.jar
2017-04-06 19:43:31,932 [Worker-53] INFO  o.e.m.c.i.e.AbstractTransferListenerAdapter - Downloaded https://repo.maven.apache.org/maven2/org/apache/maven/maven-model/3.3.9/maven-model-3.3.9-sources.jar
2017-04-06 19:43:32,163 [Worker-53] INFO  o.e.m.c.i.e.AbstractTransferListenerAdapter - Downloading https://repo.maven.apache.org/maven2/org/apache/maven/maven-settings/3.3.9/maven-settings-3.3.9-sources.jar
2017-04-06 19:43:32,192 [Worker-53] INFO  o.e.m.c.i.e.AbstractTransferListenerAdapter - Downloaded https://repo.maven.apache.org/maven2/org/apache/maven/maven-settings/3.3.9/maven-settings-3.3.9-sources.jar
2017-04-06 19:43:32,391 [Worker-53] INFO  o.e.m.c.i.e.AbstractTransferListenerAdapter - Downloading https://repo.maven.apache.org/maven2/org/apache/maven/maven-settings-builder/3.3.9/maven-settings-builder-3.3.9-sources.jar
2017-04-06 19:43:32,417 [Worker-53] INFO  o.e.m.c.i.e.AbstractTransferListenerAdapter - Downloaded https://repo.maven.apache.org/maven2/org/apache/maven/maven-settings-builder/3.3.9/maven-settings-builder-3.3.9-sources.jar
2017-04-06 19:43:32,663 [Worker-53] INFO  o.e.m.c.i.e.AbstractTransferListenerAdapter - Downloading https://repo.maven.apache.org/maven2/org/apache/maven/maven-builder-support/3.3.9/maven-builder-support-3.3.9-sources.jar
2017-04-06 19:43:32,697 [Worker-53] INFO  o.e.m.c.i.e.AbstractTransferListenerAdapter - Downloaded https://repo.maven.apache.org/maven2/org/apache/maven/maven-builder-support/3.3.9/maven-builder-support-3.3.9-sources.jar
2017-04-06 19:43:32,950 [Worker-53] INFO  o.e.m.c.i.e.AbstractTransferListenerAdapter - Downloading https://repo.maven.apache.org/maven2/org/apache/maven/maven-repository-metadata/3.3.9/maven-repository-metadata-3.3.9-sources.jar
2017-04-06 19:43:32,983 [Worker-53] INFO  o.e.m.c.i.e.AbstractTransferListenerAdapter - Downloaded https://repo.maven.apache.org/maven2/org/apache/maven/maven-repository-metadata/3.3.9/maven-repository-metadata-3.3.9-sources.jar
2017-04-06 19:43:33,159 [Worker-53] INFO  o.e.m.c.i.e.AbstractTransferListenerAdapter - Downloading https://repo.maven.apache.org/maven2/org/apache/maven/maven-artifact/3.3.9/maven-artifact-3.3.9-sources.jar
2017-04-06 19:43:33,198 [Worker-53] INFO  o.e.m.c.i.e.AbstractTransferListenerAdapter - Downloaded https://repo.maven.apache.org/maven2/org/apache/maven/maven-artifact/3.3.9/maven-artifact-3.3.9-sources.jar
2017-04-06 19:43:33,406 [Worker-53] INFO  o.e.m.c.i.e.AbstractTransferListenerAdapter - Downloading https://repo.maven.apache.org/maven2/org/apache/maven/maven-plugin-api/3.3.9/maven-plugin-api-3.3.9-sources.jar
2017-04-06 19:43:33,457 [Worker-53] INFO  o.e.m.c.i.e.AbstractTransferListenerAdapter - Downloaded https://repo.maven.apache.org/maven2/org/apache/maven/maven-plugin-api/3.3.9/maven-plugin-api-3.3.9-sources.jar
2017-04-06 19:43:33,699 [Worker-53] INFO  o.e.m.c.i.e.AbstractTransferListenerAdapter - Downloading https://repo.maven.apache.org/maven2/org/apache/maven/maven-model-builder/3.3.9/maven-model-builder-3.3.9-sources.jar
2017-04-06 19:43:33,770 [Worker-53] INFO  o.e.m.c.i.e.AbstractTransferListenerAdapter - Downloaded https://repo.maven.apache.org/maven2/org/apache/maven/maven-model-builder/3.3.9/maven-model-builder-3.3.9-sources.jar
2017-04-06 19:43:33,999 [Worker-53] INFO  o.e.m.c.i.e.AbstractTransferListenerAdapter - Downloading https://repo.maven.apache.org/maven2/org/apache/maven/maven-aether-provider/3.3.9/maven-aether-provider-3.3.9-sources.jar
2017-04-06 19:43:34,029 [Worker-53] INFO  o.e.m.c.i.e.AbstractTransferListenerAdapter - Downloaded https://repo.maven.apache.org/maven2/org/apache/maven/maven-aether-provider/3.3.9/maven-aether-provider-3.3.9-sources.jar
2017-04-06 19:43:34,223 [Worker-53] INFO  o.e.m.c.i.e.AbstractTransferListenerAdapter - Downloading https://repo.maven.apache.org/maven2/org/eclipse/aether/aether-api/1.0.2.v20150114/aether-api-1.0.2.v20150114-sources.jar
2017-04-06 19:43:34,322 [Worker-53] INFO  o.e.m.c.i.e.AbstractTransferListenerAdapter - Downloaded https://repo.maven.apache.org/maven2/org/eclipse/aether/aether-api/1.0.2.v20150114/aether-api-1.0.2.v20150114-sources.jar
2017-04-06 19:43:34,865 [Worker-53] INFO  o.e.m.c.i.e.AbstractTransferListenerAdapter - Downloading https://repo.maven.apache.org/maven2/org/eclipse/aether/aether-util/1.0.2.v20150114/aether-util-1.0.2.v20150114-sources.jar
2017-04-06 19:43:34,929 [Worker-53] INFO  o.e.m.c.i.e.AbstractTransferListenerAdapter - Downloaded https://repo.maven.apache.org/maven2/org/eclipse/aether/aether-util/1.0.2.v20150114/aether-util-1.0.2.v20150114-sources.jar
2017-04-06 19:43:35,171 [Worker-53] INFO  o.e.m.c.i.e.AbstractTransferListenerAdapter - Downloading https://repo.maven.apache.org/maven2/org/codehaus/plexus/plexus-interpolation/1.21/plexus-interpolation-1.21-sources.jar
2017-04-06 19:43:35,229 [Worker-53] INFO  o.e.m.c.i.e.AbstractTransferListenerAdapter - Downloaded https://repo.maven.apache.org/maven2/org/codehaus/plexus/plexus-interpolation/1.21/plexus-interpolation-1.21-sources.jar
2017-04-06 19:43:35,495 [Worker-53] INFO  o.e.m.c.i.e.AbstractTransferListenerAdapter - Downloading https://repo.maven.apache.org/maven2/org/codehaus/plexus/plexus-utils/3.0.22/plexus-utils-3.0.22-sources.jar
2017-04-06 19:43:35,604 [Worker-53] INFO  o.e.m.c.i.e.AbstractTransferListenerAdapter - Downloaded https://repo.maven.apache.org/maven2/org/codehaus/plexus/plexus-utils/3.0.22/plexus-utils-3.0.22-sources.jar
2017-04-06 19:43:36,073 [Worker-53] INFO  o.e.m.c.i.e.AbstractTransferListenerAdapter - Downloading https://repo.maven.apache.org/maven2/org/codehaus/plexus/plexus-component-annotations/1.6/plexus-component-annotations-1.6-sources.jar
2017-04-06 19:43:36,100 [Worker-53] INFO  o.e.m.c.i.e.AbstractTransferListenerAdapter - Downloaded https://repo.maven.apache.org/maven2/org/codehaus/plexus/plexus-component-annotations/1.6/plexus-component-annotations-1.6-sources.jar
2017-04-06 19:43:36,548 [Worker-53] INFO  o.e.m.c.i.e.AbstractTransferListenerAdapter - Downloading https://repo.maven.apache.org/maven2/org/sonatype/plexus/plexus-sec-dispatcher/1.3/plexus-sec-dispatcher-1.3-sources.jar
2017-04-06 19:43:36,573 [Worker-53] INFO  o.e.m.c.i.e.AbstractTransferListenerAdapter - Downloaded https://repo.maven.apache.org/maven2/org/sonatype/plexus/plexus-sec-dispatcher/1.3/plexus-sec-dispatcher-1.3-sources.jar
2017-04-06 19:43:36,835 [Worker-53] INFO  o.e.m.c.i.e.AbstractTransferListenerAdapter - Downloading https://repo.maven.apache.org/maven2/org/apache/commons/commons-lang3/3.4/commons-lang3-3.4-sources.jar
2017-04-06 19:43:36,974 [Worker-53] INFO  o.e.m.c.i.e.AbstractTransferListenerAdapter - Downloaded https://repo.maven.apache.org/maven2/org/apache/commons/commons-lang3/3.4/commons-lang3-3.4-sources.jar
2017-04-06 19:43:37,455 [Worker-53] INFO  o.e.m.c.i.e.AbstractTransferListenerAdapter - Downloading https://repo.maven.apache.org/maven2/org/apache/maven/maven-embedder/3.3.9/maven-embedder-3.3.9-sources.jar
2017-04-06 19:43:37,496 [Worker-53] INFO  o.e.m.c.i.e.AbstractTransferListenerAdapter - Downloaded https://repo.maven.apache.org/maven2/org/apache/maven/maven-embedder/3.3.9/maven-embedder-3.3.9-sources.jar
2017-04-06 19:43:37,726 [Worker-53] INFO  o.e.m.c.i.e.AbstractTransferListenerAdapter - Downloading https://repo.maven.apache.org/maven2/org/sonatype/plexus/plexus-cipher/1.7/plexus-cipher-1.7-sources.jar
2017-04-06 19:43:37,744 [Worker-53] INFO  o.e.m.c.i.e.AbstractTransferListenerAdapter - Downloaded https://repo.maven.apache.org/maven2/org/sonatype/plexus/plexus-cipher/1.7/plexus-cipher-1.7-sources.jar
2017-04-06 19:43:37,933 [Worker-53] INFO  o.e.m.c.i.e.AbstractTransferListenerAdapter - Downloading https://repo.maven.apache.org/maven2/commons-cli/commons-cli/1.2/commons-cli-1.2-sources.jar
2017-04-06 19:43:37,978 [Worker-53] INFO  o.e.m.c.i.e.AbstractTransferListenerAdapter - Downloaded https://repo.maven.apache.org/maven2/commons-cli/commons-cli/1.2/commons-cli-1.2-sources.jar
2017-04-06 19:43:38,388 [Worker-53] INFO  o.e.m.c.i.e.AbstractTransferListenerAdapter - Downloading https://repo.maven.apache.org/maven2/org/apache/maven/maven-compat/3.3.9/maven-compat-3.3.9-sources.jar
2017-04-06 19:43:38,474 [Worker-53] INFO  o.e.m.c.i.e.AbstractTransferListenerAdapter - Downloaded https://repo.maven.apache.org/maven2/org/apache/maven/maven-compat/3.3.9/maven-compat-3.3.9-sources.jar
2017-04-06 19:43:38,813 [Worker-53] INFO  o.e.m.c.i.e.AbstractTransferListenerAdapter - Downloading https://repo.maven.apache.org/maven2/org/apache/maven/wagon/wagon-provider-api/2.10/wagon-provider-api-2.10-sources.jar
2017-04-06 19:43:38,866 [Worker-53] INFO  o.e.m.c.i.e.AbstractTransferListenerAdapter - Downloaded https://repo.maven.apache.org/maven2/org/apache/maven/wagon/wagon-provider-api/2.10/wagon-provider-api-2.10-sources.jar
2017-04-06 19:43:39,166 [Worker-53] INFO  o.e.m.c.i.e.AbstractTransferListenerAdapter - Downloading https://repo.maven.apache.org/maven2/javax/enterprise/cdi-api/1.0/cdi-api-1.0-sources.jar
2017-04-06 19:43:39,228 [Worker-53] INFO  o.e.m.c.i.e.AbstractTransferListenerAdapter - Downloaded https://repo.maven.apache.org/maven2/javax/enterprise/cdi-api/1.0/cdi-api-1.0-sources.jar
2017-04-06 19:43:39,645 [Worker-53] INFO  o.e.m.c.i.e.AbstractTransferListenerAdapter - Downloading https://repo.maven.apache.org/maven2/com/google/guava/guava/18.0/guava-18.0-sources.jar
2017-04-06 19:43:40,164 [Worker-53] INFO  o.e.m.c.i.e.AbstractTransferListenerAdapter - Downloaded https://repo.maven.apache.org/maven2/com/google/guava/guava/18.0/guava-18.0-sources.jar
2017-04-06 19:43:40,589 [Worker-53] INFO  o.e.m.c.i.e.AbstractTransferListenerAdapter - Downloading https://repo.maven.apache.org/maven2/org/eclipse/aether/aether-impl/1.0.2.v20150114/aether-impl-1.0.2.v20150114-sources.jar
2017-04-06 19:43:40,682 [Worker-53] INFO  o.e.m.c.i.e.AbstractTransferListenerAdapter - Downloaded https://repo.maven.apache.org/maven2/org/eclipse/aether/aether-impl/1.0.2.v20150114/aether-impl-1.0.2.v20150114-sources.jar
2017-04-06 19:43:40,916 [Worker-53] INFO  o.e.m.c.i.e.AbstractTransferListenerAdapter - Downloading https://repo.maven.apache.org/maven2/org/eclipse/aether/aether-spi/1.0.2.v20150114/aether-spi-1.0.2.v20150114-sources.jar
2017-04-06 19:43:40,954 [Worker-53] INFO  o.e.m.c.i.e.AbstractTransferListenerAdapter - Downloaded https://repo.maven.apache.org/maven2/org/eclipse/aether/aether-spi/1.0.2.v20150114/aether-spi-1.0.2.v20150114-sources.jar
2017-04-06 19:43:41,196 [Worker-53] INFO  o.e.m.c.i.e.AbstractTransferListenerAdapter - Downloading https://repo.maven.apache.org/maven2/io/takari/aether/aether-connector-okhttp/0.16.0/aether-connector-okhttp-0.16.0-sources.jar
2017-04-06 19:43:41,215 [Worker-53] INFO  o.e.m.c.i.e.AbstractTransferListenerAdapter - Downloaded https://repo.maven.apache.org/maven2/io/takari/aether/aether-connector-okhttp/0.16.0/aether-connector-okhttp-0.16.0-sources.jar
2017-04-06 19:43:41,464 [Worker-53] INFO  o.e.m.c.i.e.AbstractTransferListenerAdapter - Downloading https://repo.maven.apache.org/maven2/com/squareup/okhttp/okhttp/2.5.0/okhttp-2.5.0-sources.jar
2017-04-06 19:43:41,578 [Worker-53] INFO  o.e.m.c.i.e.AbstractTransferListenerAdapter - Downloaded https://repo.maven.apache.org/maven2/com/squareup/okhttp/okhttp/2.5.0/okhttp-2.5.0-sources.jar
2017-04-06 19:43:41,869 [Worker-53] INFO  o.e.m.c.i.e.AbstractTransferListenerAdapter - Downloading https://repo.maven.apache.org/maven2/com/squareup/okio/okio/1.6.0/okio-1.6.0-sources.jar
2017-04-06 19:43:41,909 [Worker-53] INFO  o.e.m.c.i.e.AbstractTransferListenerAdapter - Downloaded https://repo.maven.apache.org/maven2/com/squareup/okio/okio/1.6.0/okio-1.6.0-sources.jar
2017-04-06 19:43:42,183 [Worker-53] INFO  o.e.m.c.i.e.AbstractTransferListenerAdapter - Downloading https://repo.maven.apache.org/maven2/org/eclipse/aether/aether-connector-basic/1.0.2.v20150114/aether-connector-basic-1.0.2.v20150114-sources.jar
2017-04-06 19:43:42,211 [Worker-53] INFO  o.e.m.c.i.e.AbstractTransferListenerAdapter - Downloaded https://repo.maven.apache.org/maven2/org/eclipse/aether/aether-connector-basic/1.0.2.v20150114/aether-connector-basic-1.0.2.v20150114-sources.jar
2017-04-06 19:43:42,447 [Worker-53] INFO  o.e.m.c.i.e.AbstractTransferListenerAdapter - Downloading https://repo.maven.apache.org/maven2/org/eclipse/aether/aether-transport-wagon/1.0.2.v20150114/aether-transport-wagon-1.0.2.v20150114-sources.jar
2017-04-06 19:43:42,473 [Worker-53] INFO  o.e.m.c.i.e.AbstractTransferListenerAdapter - Downloaded https://repo.maven.apache.org/maven2/org/eclipse/aether/aether-transport-wagon/1.0.2.v20150114/aether-transport-wagon-1.0.2.v20150114-sources.jar
2017-04-06 19:43:42,667 [Worker-53] INFO  o.e.m.c.i.e.AbstractTransferListenerAdapter - Downloading https://repo.maven.apache.org/maven2/org/apache/maven/wagon/wagon-file/2.10/wagon-file-2.10-sources.jar
2017-04-06 19:43:42,694 [Worker-53] INFO  o.e.m.c.i.e.AbstractTransferListenerAdapter - Downloaded https://repo.maven.apache.org/maven2/org/apache/maven/wagon/wagon-file/2.10/wagon-file-2.10-sources.jar
2017-04-06 19:43:42,925 [Worker-53] INFO  o.e.m.c.i.e.AbstractTransferListenerAdapter - Downloading https://repo.maven.apache.org/maven2/commons-lang/commons-lang/2.6/commons-lang-2.6-sources.jar
2017-04-06 19:43:43,370 [Worker-53] INFO  o.e.m.c.i.e.AbstractTransferListenerAdapter - Downloaded https://repo.maven.apache.org/maven2/commons-lang/commons-lang/2.6/commons-lang-2.6-sources.jar
2017-04-06 19:43:44,010 [Worker-53] INFO  o.e.m.c.i.e.AbstractTransferListenerAdapter - Downloading https://repo.maven.apache.org/maven2/org/slf4j/slf4j-simple/1.7.5/slf4j-simple-1.7.5-sources.jar
2017-04-06 19:43:44,037 [Worker-53] INFO  o.e.m.c.i.e.AbstractTransferListenerAdapter - Downloaded https://repo.maven.apache.org/maven2/org/slf4j/slf4j-simple/1.7.5/slf4j-simple-1.7.5-sources.jar
2017-04-06 19:45:22,333 [Worker-51] INFO  o.e.m.i.launch.MavenLaunchDelegate - C:\selenium\Springer\Search
2017-04-06 19:45:22,334 [Worker-51] INFO  o.e.m.i.launch.MavenLaunchDelegate -  mvn -B test
2017-04-06 19:45:27,787 [Worker-50] INFO  o.e.m.c.i.embedder.EclipseLogger - Using 'UTF-8' encoding to copy filtered resources.
2017-04-06 19:45:27,787 [Worker-50] INFO  o.e.m.c.i.embedder.EclipseLogger - skip non existing resourceDirectory C:\selenium\Springer\Search\src\main\resources
2017-04-06 19:45:27,791 [Worker-50] INFO  o.e.m.c.i.embedder.EclipseLogger - Using 'UTF-8' encoding to copy filtered resources.
2017-04-06 19:45:27,791 [Worker-50] INFO  o.e.m.c.i.embedder.EclipseLogger - Copying 0 resource
2017-04-06 19:45:59,911 [Worker-53] INFO  o.e.m.c.i.embedder.EclipseLogger - Using 'UTF-8' encoding to copy filtered resources.
2017-04-06 19:45:59,912 [Worker-53] INFO  o.e.m.c.i.embedder.EclipseLogger - skip non existing resourceDirectory C:\selenium\Springer\Search\src\main\resources
2017-04-06 19:45:59,914 [Worker-53] INFO  o.e.m.c.i.embedder.EclipseLogger - Using 'UTF-8' encoding to copy filtered resources.
2017-04-06 19:45:59,916 [Worker-53] INFO  o.e.m.c.i.embedder.EclipseLogger - Copying 1 resource
2017-04-06 19:47:16,502 [Worker-52] INFO  o.e.m.c.i.embedder.EclipseLogger - Using 'UTF-8' encoding to copy filtered resources.
2017-04-06 19:47:16,503 [Worker-52] INFO  o.e.m.c.i.embedder.EclipseLogger - skip non existing resourceDirectory C:\selenium\Springer\Search\src\main\resources
2017-04-06 19:47:16,508 [Worker-52] INFO  o.e.m.c.i.embedder.EclipseLogger - Using 'UTF-8' encoding to copy filtered resources.
2017-04-06 19:47:16,510 [Worker-52] INFO  o.e.m.c.i.embedder.EclipseLogger - Copying 1 resource
2017-04-06 19:49:18,260 [Worker-53] INFO  o.e.m.c.i.l.LifecycleMappingFactory - Using org.eclipse.m2e.jdt.JarLifecycleMapping lifecycle mapping for MavenProject: com.Springer:Search:0.0.1-SNAPSHOT @ C:\selenium\Springer\Search\pom.xml.
2017-04-06 19:49:18,753 [Worker-53] INFO  o.e.m.c.i.embedder.EclipseLogger - Using 'UTF-8' encoding to copy filtered resources.
2017-04-06 19:49:18,753 [Worker-53] INFO  o.e.m.c.i.embedder.EclipseLogger - skip non existing resourceDirectory C:\selenium\Springer\Search\src\main\resources
2017-04-06 19:49:18,756 [Worker-53] INFO  o.e.m.c.i.embedder.EclipseLogger - Using 'UTF-8' encoding to copy filtered resources.
2017-04-06 19:49:18,760 [Worker-53] INFO  o.e.m.c.i.embedder.EclipseLogger - Copying 0 resource
2017-04-06 19:49:20,669 [Worker-53] INFO  o.e.m.c.i.embedder.EclipseLogger - Using 'UTF-8' encoding to copy filtered resources.
2017-04-06 19:49:20,670 [Worker-53] INFO  o.e.m.c.i.embedder.EclipseLogger - skip non existing resourceDirectory C:\selenium\Springer\Search\src\main\resources
2017-04-06 19:49:20,672 [Worker-53] INFO  o.e.m.c.i.embedder.EclipseLogger - Using 'UTF-8' encoding to copy filtered resources.
2017-04-06 19:49:20,673 [Worker-53] INFO  o.e.m.c.i.embedder.EclipseLogger - Copying 1 resource
2017-04-06 22:04:18,488 [Worker-81] INFO  o.e.m.c.i.l.LifecycleMappingFactory - Using org.eclipse.m2e.jdt.JarLifecycleMapping lifecycle mapping for MavenProject: com.Springer:Search:0.0.1-SNAPSHOT @ C:\selenium\Springer\Search\pom.xml.
2017-04-06 22:04:18,927 [Worker-81] INFO  o.e.m.c.i.embedder.EclipseLogger - Using 'UTF-8' encoding to copy filtered resources.
2017-04-06 22:04:18,928 [Worker-81] INFO  o.e.m.c.i.embedder.EclipseLogger - skip non existing resourceDirectory C:\selenium\Springer\Search\src\main\resources
2017-04-06 22:04:18,931 [Worker-81] INFO  o.e.m.c.i.embedder.EclipseLogger - Using 'UTF-8' encoding to copy filtered resources.
2017-04-06 22:04:18,935 [Worker-81] INFO  o.e.m.c.i.embedder.EclipseLogger - Copying 0 resource
2017-04-06 22:04:20,740 [Worker-81] INFO  o.e.m.c.i.embedder.EclipseLogger - Using 'UTF-8' encoding to copy filtered resources.
2017-04-06 22:04:20,741 [Worker-81] INFO  o.e.m.c.i.embedder.EclipseLogger - skip non existing resourceDirectory C:\selenium\Springer\Search\src\main\resources
2017-04-06 22:04:20,743 [Worker-81] INFO  o.e.m.c.i.embedder.EclipseLogger - Using 'UTF-8' encoding to copy filtered resources.
2017-04-06 22:04:20,744 [Worker-81] INFO  o.e.m.c.i.embedder.EclipseLogger - Copying 1 resource
2017-04-06 22:10:27,904 [Worker-82] INFO  o.e.m.c.i.l.LifecycleMappingFactory - Using org.eclipse.m2e.jdt.JarLifecycleMapping lifecycle mapping for MavenProject: com.Springer:Search:0.0.1-SNAPSHOT @ C:\selenium\Springer\Search\pom.xml.
2017-04-06 22:10:28,273 [Worker-82] INFO  o.e.m.c.i.embedder.EclipseLogger - Using 'UTF-8' encoding to copy filtered resources.
2017-04-06 22:10:28,273 [Worker-82] INFO  o.e.m.c.i.embedder.EclipseLogger - skip non existing resourceDirectory C:\selenium\Springer\Search\src\main\resources
2017-04-06 22:10:28,277 [Worker-82] INFO  o.e.m.c.i.embedder.EclipseLogger - Using 'UTF-8' encoding to copy filtered resources.
2017-04-06 22:10:28,280 [Worker-82] INFO  o.e.m.c.i.embedder.EclipseLogger - Copying 0 resource
2017-04-06 22:10:30,085 [Worker-82] INFO  o.e.m.c.i.embedder.EclipseLogger - Using 'UTF-8' encoding to copy filtered resources.
2017-04-06 22:10:30,086 [Worker-82] INFO  o.e.m.c.i.embedder.EclipseLogger - skip non existing resourceDirectory C:\selenium\Springer\Search\src\main\resources
2017-04-06 22:10:30,093 [Worker-82] INFO  o.e.m.c.i.embedder.EclipseLogger - Using 'UTF-8' encoding to copy filtered resources.
2017-04-06 22:10:30,095 [Worker-82] INFO  o.e.m.c.i.embedder.EclipseLogger - Copying 1 resource
2017-04-06 22:12:15,693 [Worker-88] INFO  o.e.m.c.i.embedder.EclipseLogger - Using 'UTF-8' encoding to copy filtered resources.
2017-04-06 22:12:15,694 [Worker-88] INFO  o.e.m.c.i.embedder.EclipseLogger - skip non existing resourceDirectory C:\selenium\Springer\Search\src\main\resources
2017-04-06 22:12:15,696 [Worker-88] INFO  o.e.m.c.i.embedder.EclipseLogger - Using 'UTF-8' encoding to copy filtered resources.
2017-04-06 22:12:15,697 [Worker-88] INFO  o.e.m.c.i.embedder.EclipseLogger - Copying 1 resource
2017-04-06 22:33:05,018 [Worker-74] INFO  o.e.m.c.i.embedder.EclipseLogger - Using 'UTF-8' encoding to copy filtered resources.
2017-04-06 22:33:05,018 [Worker-74] INFO  o.e.m.c.i.embedder.EclipseLogger - skip non existing resourceDirectory C:\selenium\Springer\Search\src\main\resources
2017-04-06 22:33:05,021 [Worker-74] INFO  o.e.m.c.i.embedder.EclipseLogger - Using 'UTF-8' encoding to copy filtered resources.
2017-04-06 22:33:05,022 [Worker-74] INFO  o.e.m.c.i.embedder.EclipseLogger - Copying 1 resource
2017-04-06 22:38:00,497 [Worker-96] INFO  o.e.m.c.i.embedder.EclipseLogger - Using 'UTF-8' encoding to copy filtered resources.
2017-04-06 22:38:00,498 [Worker-96] INFO  o.e.m.c.i.embedder.EclipseLogger - skip non existing resourceDirectory C:\selenium\Springer\Search\src\main\resources
2017-04-06 22:38:00,501 [Worker-96] INFO  o.e.m.c.i.embedder.EclipseLogger - Using 'UTF-8' encoding to copy filtered resources.
2017-04-06 22:38:00,502 [Worker-96] INFO  o.e.m.c.i.embedder.EclipseLogger - Copying 1 resource
2017-04-07 09:13:12,075 [Worker-102] INFO  o.e.m.c.i.embedder.EclipseLogger - Using 'UTF-8' encoding to copy filtered resources.
2017-04-07 09:13:12,077 [Worker-102] INFO  o.e.m.c.i.embedder.EclipseLogger - skip non existing resourceDirectory C:\selenium\Springer\Search\src\main\resources
2017-04-07 09:13:12,081 [Worker-102] INFO  o.e.m.c.i.embedder.EclipseLogger - Using 'UTF-8' encoding to copy filtered resources.
2017-04-07 09:13:12,083 [Worker-102] INFO  o.e.m.c.i.embedder.EclipseLogger - Copying 0 resource
2017-04-07 09:38:54,022 [Worker-114] INFO  o.e.m.c.i.embedder.EclipseLogger - Using 'UTF-8' encoding to copy filtered resources.
2017-04-07 09:38:54,026 [Worker-114] INFO  o.e.m.c.i.embedder.EclipseLogger - skip non existing resourceDirectory C:\selenium\Springer\Search\src\main\resources
2017-04-07 09:38:54,028 [Worker-114] INFO  o.e.m.c.i.embedder.EclipseLogger - Using 'UTF-8' encoding to copy filtered resources.
2017-04-07 09:38:54,030 [Worker-114] INFO  o.e.m.c.i.embedder.EclipseLogger - Copying 1 resource
2017-04-07 09:39:05,102 [Worker-102] INFO  o.e.m.c.i.embedder.EclipseLogger - Using 'UTF-8' encoding to copy filtered resources.
2017-04-07 09:39:05,103 [Worker-102] INFO  o.e.m.c.i.embedder.EclipseLogger - skip non existing resourceDirectory C:\selenium\Springer\Search\src\main\resources
2017-04-07 09:39:05,104 [Worker-102] INFO  o.e.m.c.i.embedder.EclipseLogger - Using 'UTF-8' encoding to copy filtered resources.
2017-04-07 09:39:05,105 [Worker-102] INFO  o.e.m.c.i.embedder.EclipseLogger - Copying 1 resource
2017-04-07 09:41:35,153 [Worker-102] INFO  o.e.m.c.i.embedder.EclipseLogger - Using 'UTF-8' encoding to copy filtered resources.
2017-04-07 09:41:35,153 [Worker-102] INFO  o.e.m.c.i.embedder.EclipseLogger - skip non existing resourceDirectory C:\selenium\Springer\Search\src\main\resources
2017-04-07 09:41:35,156 [Worker-102] INFO  o.e.m.c.i.embedder.EclipseLogger - Using 'UTF-8' encoding to copy filtered resources.
2017-04-07 09:41:35,156 [Worker-102] INFO  o.e.m.c.i.embedder.EclipseLogger - Copying 0 resource
2017-04-07 09:42:28,995 [Worker-112] INFO  o.e.m.c.i.embedder.EclipseLogger - Using 'UTF-8' encoding to copy filtered resources.
2017-04-07 09:42:28,995 [Worker-112] INFO  o.e.m.c.i.embedder.EclipseLogger - skip non existing resourceDirectory C:\selenium\Springer\Search\src\main\resources
2017-04-07 09:42:28,997 [Worker-112] INFO  o.e.m.c.i.embedder.EclipseLogger - Using 'UTF-8' encoding to copy filtered resources.
2017-04-07 09:42:28,998 [Worker-112] INFO  o.e.m.c.i.embedder.EclipseLogger - Copying 1 resource
2017-04-07 09:46:23,607 [Worker-115] INFO  o.e.m.c.i.embedder.EclipseLogger - Using 'UTF-8' encoding to copy filtered resources.
2017-04-07 09:46:23,607 [Worker-115] INFO  o.e.m.c.i.embedder.EclipseLogger - skip non existing resourceDirectory C:\selenium\Springer\Search\src\main\resources
2017-04-07 09:46:23,609 [Worker-115] INFO  o.e.m.c.i.embedder.EclipseLogger - Using 'UTF-8' encoding to copy filtered resources.
2017-04-07 09:46:23,611 [Worker-115] INFO  o.e.m.c.i.embedder.EclipseLogger - Copying 1 resource
2017-04-07 09:54:52,889 [Worker-97] INFO  o.e.m.c.i.embedder.EclipseLogger - Using 'UTF-8' encoding to copy filtered resources.
2017-04-07 09:54:52,890 [Worker-97] INFO  o.e.m.c.i.embedder.EclipseLogger - skip non existing resourceDirectory C:\selenium\Springer\Search\src\main\resources
2017-04-07 09:54:52,891 [Worker-97] INFO  o.e.m.c.i.embedder.EclipseLogger - Using 'UTF-8' encoding to copy filtered resources.
2017-04-07 09:54:52,893 [Worker-97] INFO  o.e.m.c.i.embedder.EclipseLogger - Copying 1 resource
2017-04-07 09:58:15,694 [Worker-112] INFO  o.e.m.c.i.e.AbstractTransferListenerAdapter - Downloading https://repo.maven.apache.org/maven2/info/cukes/cucumber-core/1.2.2/cucumber-core-1.2.2-sources.jar
2017-04-07 09:58:15,893 [Worker-112] INFO  o.e.m.c.i.e.AbstractTransferListenerAdapter - Downloaded https://repo.maven.apache.org/maven2/info/cukes/cucumber-core/1.2.2/cucumber-core-1.2.2-sources.jar
2017-04-07 09:58:16,316 [Worker-112] INFO  o.e.m.j.internal.DownloadSourcesJob - Downloaded sources for info.cukes:cucumber-core:1.2.2
2017-04-07 09:58:16,600 [Worker-118] INFO  o.e.m.c.i.embedder.EclipseLogger - Using 'UTF-8' encoding to copy filtered resources.
2017-04-07 09:58:16,600 [Worker-118] INFO  o.e.m.c.i.embedder.EclipseLogger - skip non existing resourceDirectory C:\selenium\Springer\Search\src\main\resources
2017-04-07 09:58:16,604 [Worker-118] INFO  o.e.m.c.i.embedder.EclipseLogger - Using 'UTF-8' encoding to copy filtered resources.
2017-04-07 09:58:16,604 [Worker-118] INFO  o.e.m.c.i.embedder.EclipseLogger - Copying 0 resource
2017-04-07 09:58:17,684 [Worker-97] INFO  o.e.m.c.i.embedder.EclipseLogger - Using 'UTF-8' encoding to copy filtered resources.
2017-04-07 09:58:17,685 [Worker-97] INFO  o.e.m.c.i.embedder.EclipseLogger - skip non existing resourceDirectory C:\selenium\Springer\Search\src\main\resources
2017-04-07 09:58:17,688 [Worker-97] INFO  o.e.m.c.i.embedder.EclipseLogger - Using 'UTF-8' encoding to copy filtered resources.
2017-04-07 09:58:17,689 [Worker-97] INFO  o.e.m.c.i.embedder.EclipseLogger - Copying 0 resource
2017-04-07 10:01:24,217 [Worker-113] INFO  o.e.m.c.i.embedder.EclipseLogger - Using 'UTF-8' encoding to copy filtered resources.
2017-04-07 10:01:24,218 [Worker-113] INFO  o.e.m.c.i.embedder.EclipseLogger - skip non existing resourceDirectory C:\selenium\Springer\Search\src\main\resources
2017-04-07 10:01:24,219 [Worker-113] INFO  o.e.m.c.i.embedder.EclipseLogger - Using 'UTF-8' encoding to copy filtered resources.
2017-04-07 10:01:24,221 [Worker-113] INFO  o.e.m.c.i.embedder.EclipseLogger - Copying 1 resource
2017-04-07 10:02:05,726 [Worker-112] INFO  o.e.m.c.i.embedder.EclipseLogger - Using 'UTF-8' encoding to copy filtered resources.
2017-04-07 10:02:05,726 [Worker-112] INFO  o.e.m.c.i.embedder.EclipseLogger - skip non existing resourceDirectory C:\selenium\Springer\Search\src\main\resources
2017-04-07 10:02:05,728 [Worker-112] INFO  o.e.m.c.i.embedder.EclipseLogger - Using 'UTF-8' encoding to copy filtered resources.
2017-04-07 10:02:05,730 [Worker-112] INFO  o.e.m.c.i.embedder.EclipseLogger - Copying 1 resource
2017-04-07 10:17:25,375 [Worker-97] INFO  o.e.m.c.i.embedder.EclipseLogger - Using 'UTF-8' encoding to copy filtered resources.
2017-04-07 10:17:25,376 [Worker-97] INFO  o.e.m.c.i.embedder.EclipseLogger - skip non existing resourceDirectory C:\selenium\Springer\Search\src\main\resources
2017-04-07 10:17:25,377 [Worker-97] INFO  o.e.m.c.i.embedder.EclipseLogger - Using 'UTF-8' encoding to copy filtered resources.
2017-04-07 10:17:25,379 [Worker-97] INFO  o.e.m.c.i.embedder.EclipseLogger - Copying 1 resource
2017-04-07 10:18:09,316 [Worker-122] INFO  o.e.m.c.i.embedder.EclipseLogger - Using 'UTF-8' encoding to copy filtered resources.
2017-04-07 10:18:09,316 [Worker-122] INFO  o.e.m.c.i.embedder.EclipseLogger - skip non existing resourceDirectory C:\selenium\Springer\Search\src\main\resources
2017-04-07 10:18:09,318 [Worker-122] INFO  o.e.m.c.i.embedder.EclipseLogger - Using 'UTF-8' encoding to copy filtered resources.
2017-04-07 10:18:09,319 [Worker-122] INFO  o.e.m.c.i.embedder.EclipseLogger - Copying 1 resource
2017-04-07 11:00:12,459 [Worker-117] INFO  o.e.m.c.i.embedder.EclipseLogger - Using 'UTF-8' encoding to copy filtered resources.
2017-04-07 11:00:12,461 [Worker-117] INFO  o.e.m.c.i.embedder.EclipseLogger - skip non existing resourceDirectory C:\selenium\Springer\Search\src\main\resources
2017-04-07 11:00:12,463 [Worker-117] INFO  o.e.m.c.i.embedder.EclipseLogger - Using 'UTF-8' encoding to copy filtered resources.
2017-04-07 11:00:12,465 [Worker-117] INFO  o.e.m.c.i.embedder.EclipseLogger - Copying 1 resource
2017-04-07 11:00:58,206 [Worker-119] INFO  o.e.m.c.i.embedder.EclipseLogger - Using 'UTF-8' encoding to copy filtered resources.
2017-04-07 11:00:58,206 [Worker-119] INFO  o.e.m.c.i.embedder.EclipseLogger - skip non existing resourceDirectory C:\selenium\Springer\Search\src\main\resources
2017-04-07 11:00:58,208 [Worker-119] INFO  o.e.m.c.i.embedder.EclipseLogger - Using 'UTF-8' encoding to copy filtered resources.
2017-04-07 11:00:58,209 [Worker-119] INFO  o.e.m.c.i.embedder.EclipseLogger - Copying 1 resource
2017-04-07 11:06:28,878 [Worker-128] INFO  o.e.m.c.i.embedder.EclipseLogger - Using 'UTF-8' encoding to copy filtered resources.
2017-04-07 11:06:28,880 [Worker-128] INFO  o.e.m.c.i.embedder.EclipseLogger - skip non existing resourceDirectory C:\selenium\Springer\Search\src\main\resources
2017-04-07 11:06:28,882 [Worker-128] INFO  o.e.m.c.i.embedder.EclipseLogger - Using 'UTF-8' encoding to copy filtered resources.
2017-04-07 11:06:28,882 [Worker-128] INFO  o.e.m.c.i.embedder.EclipseLogger - Copying 0 resource
2017-04-08 09:54:15,221 [Worker-154] INFO  o.e.m.c.i.embedder.EclipseLogger - Using 'UTF-8' encoding to copy filtered resources.
2017-04-08 09:54:15,222 [Worker-154] INFO  o.e.m.c.i.embedder.EclipseLogger - skip non existing resourceDirectory C:\selenium\Springer\Search\src\main\resources
2017-04-08 09:54:15,224 [Worker-154] INFO  o.e.m.c.i.embedder.EclipseLogger - Using 'UTF-8' encoding to copy filtered resources.
2017-04-08 09:54:15,225 [Worker-154] INFO  o.e.m.c.i.embedder.EclipseLogger - Copying 0 resource
2017-04-08 09:54:21,600 [Worker-155] INFO  o.e.m.c.i.embedder.EclipseLogger - Using 'UTF-8' encoding to copy filtered resources.
2017-04-08 09:54:21,601 [Worker-155] INFO  o.e.m.c.i.embedder.EclipseLogger - skip non existing resourceDirectory C:\selenium\Springer\Search\src\main\resources
2017-04-08 09:54:21,604 [Worker-155] INFO  o.e.m.c.i.embedder.EclipseLogger - Using 'UTF-8' encoding to copy filtered resources.
2017-04-08 09:54:21,605 [Worker-155] INFO  o.e.m.c.i.embedder.EclipseLogger - Copying 0 resource
2017-04-08 10:00:01,369 [Worker-149] INFO  o.e.m.c.i.embedder.EclipseLogger - Using 'UTF-8' encoding to copy filtered resources.
2017-04-08 10:00:01,369 [Worker-149] INFO  o.e.m.c.i.embedder.EclipseLogger - skip non existing resourceDirectory C:\selenium\Springer\Search\src\main\resources
2017-04-08 10:00:01,371 [Worker-149] INFO  o.e.m.c.i.embedder.EclipseLogger - Using 'UTF-8' encoding to copy filtered resources.
2017-04-08 10:00:01,371 [Worker-149] INFO  o.e.m.c.i.embedder.EclipseLogger - Copying 0 resource
2017-04-08 10:06:43,806 [Worker-151] INFO  o.e.m.c.i.embedder.EclipseLogger - Using 'UTF-8' encoding to copy filtered resources.
2017-04-08 10:06:43,807 [Worker-151] INFO  o.e.m.c.i.embedder.EclipseLogger - skip non existing resourceDirectory C:\selenium\Springer\Search\src\main\resources
2017-04-08 10:06:43,808 [Worker-151] INFO  o.e.m.c.i.embedder.EclipseLogger - Using 'UTF-8' encoding to copy filtered resources.
2017-04-08 10:06:43,809 [Worker-151] INFO  o.e.m.c.i.embedder.EclipseLogger - Copying 0 resource
